#
# There is insufficient memory for the Java Runtime Environment to continue.
# Native memory allocation (mmap) failed to map 266338304 bytes for G1 virtual space
# Possible reasons:
#   The system is out of physical RAM or swap space
#   The process is running with CompressedOops enabled, and the Java Heap may be blocking the growth of the native heap
# Possible solutions:
#   Reduce memory load on the system
#   Increase physical memory or swap space
#   Check if swap backing store is full
#   Decrease Java heap size (-Xmx/-Xms)
#   Decrease number of Java threads
#   Decrease Java thread stack sizes (-Xss)
#   Set larger code cache with -XX:ReservedCodeCacheSize=
#   JVM is running with Zero Based Compressed Oops mode in which the Java heap is
#     placed in the first 32GB address space. The Java Heap base address is the
#     maximum limit for the native heap growth. Please use -XX:HeapBaseMinAddress
#     to set the Java Heap base and to place the Java Heap above 32GB virtual address.
# This output file may be truncated or incomplete.
#
#  Out of Memory Error (os_windows.cpp:3530), pid=16240, tid=13400
#
# JRE version:  (18.0.1.1+2) (build )
# Java VM: Java HotSpot(TM) 64-Bit Server VM (18.0.1.1+2-6, mixed mode, sharing, tiered, compressed oops, compressed class ptrs, g1 gc, windows-amd64)
# No core dump will be written. Minidumps are not enabled by default on client versions of Windows
#

---------------  S U M M A R Y ------------

Command Line: -Dorg.gradle.appname=gradlew org.gradle.wrapper.GradleWrapperMain :app:dependencies --write-locks

Host: Intel(R) Core(TM) i7-7820HQ CPU @ 2.90GHz, 8 cores, 15G,  Windows 10 , 64 bit Build 19041 (10.0.19041.3155)
Time: Wed Aug 30 15:44:19 2023 Egypt Daylight Time elapsed time: 0.092497 seconds (0d 0h 0m 0s)

---------------  T H R E A D  ---------------

Current thread (0x000001b5180e0430):  JavaThread "Unknown thread" [_thread_in_vm, id=13400, stack(0x000000b2f0800000,0x000000b2f0900000)]

Stack: [0x000000b2f0800000,0x000000b2f0900000]
Native frames: (J=compiled Java code, j=interpreted, Vv=VM code, C=native code)
V  [jvm.dll+0x69887a]
V  [jvm.dll+0x7f38bd]
V  [jvm.dll+0x7f51ce]
V  [jvm.dll+0x7f5883]
V  [jvm.dll+0x25ca3f]
V  [jvm.dll+0x6957c9]
V  [jvm.dll+0x68a2fa]
V  [jvm.dll+0x321efb]
V  [jvm.dll+0x3298d6]
V  [jvm.dll+0x37e47e]
V  [jvm.dll+0x37e6af]
V  [jvm.dll+0x2f9c7a]
V  [jvm.dll+0x2facdd]
V  [jvm.dll+0x7c24f0]
V  [jvm.dll+0x38b801]
V  [jvm.dll+0x7a1203]
V  [jvm.dll+0x40d6bf]
V  [jvm.dll+0x40f091]
C  [jli.dll+0x526b]
C  [ucrtbase.dll+0x21bb2]
C  [KERNEL32.DLL+0x17614]
C  [ntdll.dll+0x526b1]


---------------  P R O C E S S  ---------------

Threads class SMR info:
_java_thread_list=0x00007ff83ea4d550, length=0, elements={
}

Java Threads: ( => current thread )

Other Threads:
  0x000001b518150dc0 WorkerThread "GC Thread#0" [stack: 0x000000b2f0900000,0x000000b2f0a00000] [id=8728]
  0x000001b518161a70 ConcurrentGCThread "G1 Main Marker" [stack: 0x000000b2f0a00000,0x000000b2f0b00000] [id=14500]
  0x000001b518162c00 WorkerThread "G1 Conc#0" [stack: 0x000000b2f0b00000,0x000000b2f0c00000] [id=15024]

[error occurred during error reporting (printing all threads), id 0xc0000005, EXCEPTION_ACCESS_VIOLATION (0xc0000005) at pc=0x00007ff83e27a217]

VM state: not at safepoint (not fully initialized)

VM Mutex/Monitor currently owned by a thread:  ([mutex/lock_event])
[0x000001b5180df880] Heap_lock - owner thread: 0x000001b5180e0430

Heap address: 0x0000000702800000, size: 4056 MB, Compressed Oops mode: Zero based, Oop shift amount: 3

CDS archive(s) mapped at: [0x0000000000000000-0x0000000000000000-0x0000000000000000), size 0, SharedBaseAddress: 0x0000000800000000, ArchiveRelocationMode: 0.
Narrow klass base: 0x0000000000000000, Narrow klass shift: 0, Narrow klass range: 0x0

GC Precious Log:
 CardTable entry size: 512
 Card Set container configuration: InlinePtr #cards 4 size 8 Array Of Cards #cards 16 size 48 Howl #buckets 8 coarsen threshold 3686 Howl Bitmap #cards 512 size 80 coarsen threshold 460 Card regions per heap region 1 cards per card region 4096

Heap:
 garbage-first heap   total 0K, used 0K [0x0000000702800000, 0x0000000800000000)
  region size 2048K, 0 young (0K), 0 survivors (0K)

[error occurred during error reporting (printing heap information), id 0xc0000005, EXCEPTION_ACCESS_VIOLATION (0xc0000005) at pc=0x00007ff83e660cb9]

GC Heap History (0 events):
No events

Deoptimization events (0 events):
No events

Classes loaded (0 events):
No events

Classes unloaded (0 events):
No events

Classes redefined (0 events):
No events

Internal exceptions (0 events):
No events

VM Operations (0 events):
No events

Events (1 events):
Event: 0.006 Loaded shared library C:\Program Files\Java\jdk-18.0.1.1\bin\java.dll


Dynamic libraries:
0x00007ff750450000 - 0x00007ff750460000 	C:\Program Files\Java\jdk-18.0.1.1\bin\java.exe
0x00007ff8cb7d0000 - 0x00007ff8cb9c8000 	C:\WINDOWS\SYSTEM32\ntdll.dll
0x00007ff8ca030000 - 0x00007ff8ca0ef000 	C:\WINDOWS\System32\KERNEL32.DLL
0x00007ff8c8fb0000 - 0x00007ff8c92a6000 	C:\WINDOWS\System32\KERNELBASE.dll
0x00007ff8c8eb0000 - 0x00007ff8c8fb0000 	C:\WINDOWS\System32\ucrtbase.dll
0x00007ff8b7550000 - 0x00007ff8b7568000 	C:\Program Files\Java\jdk-18.0.1.1\bin\jli.dll
0x00007ff8b1de0000 - 0x00007ff8b1dfa000 	C:\Program Files\Java\jdk-18.0.1.1\bin\VCRUNTIME140.dll
0x00007ff8cb680000 - 0x00007ff8cb72f000 	C:\WINDOWS\System32\ADVAPI32.dll
0x00007ff8cab20000 - 0x00007ff8cabbe000 	C:\WINDOWS\System32\msvcrt.dll
0x00007ff8cb0a0000 - 0x00007ff8cb13c000 	C:\WINDOWS\System32\sechost.dll
0x00007ff8ca150000 - 0x00007ff8ca276000 	C:\WINDOWS\System32\RPCRT4.dll
0x00007ff8ca470000 - 0x00007ff8ca60d000 	C:\WINDOWS\System32\USER32.dll
0x00007ff8c97d0000 - 0x00007ff8c97f2000 	C:\WINDOWS\System32\win32u.dll
0x00007ff8aab70000 - 0x00007ff8aae0a000 	C:\WINDOWS\WinSxS\amd64_microsoft.windows.common-controls_6595b64144ccf1df_6.0.19041.1110_none_60b5254171f9507e\COMCTL32.dll
0x00007ff8cb580000 - 0x00007ff8cb5ac000 	C:\WINDOWS\System32\GDI32.dll
0x00007ff8c9470000 - 0x00007ff8c9585000 	C:\WINDOWS\System32\gdi32full.dll
0x00007ff8c9360000 - 0x00007ff8c93fd000 	C:\WINDOWS\System32\msvcp_win.dll
0x00007ff8c0bb0000 - 0x00007ff8c0bba000 	C:\WINDOWS\SYSTEM32\VERSION.dll
0x00007ff8cac70000 - 0x00007ff8caca0000 	C:\WINDOWS\System32\IMM32.DLL
0x00007ff8c09d0000 - 0x00007ff8c09dc000 	C:\Program Files\Java\jdk-18.0.1.1\bin\vcruntime140_1.dll
0x00007ff841890000 - 0x00007ff84191d000 	C:\Program Files\Java\jdk-18.0.1.1\bin\msvcp140.dll
0x00007ff83df70000 - 0x00007ff83eb80000 	C:\Program Files\Java\jdk-18.0.1.1\bin\server\jvm.dll
0x00007ff8c9830000 - 0x00007ff8c9838000 	C:\WINDOWS\System32\PSAPI.DLL
0x00007ff8b45d0000 - 0x00007ff8b45f7000 	C:\WINDOWS\SYSTEM32\WINMM.dll
0x00007ff8c0750000 - 0x00007ff8c0759000 	C:\WINDOWS\SYSTEM32\WSOCK32.dll
0x00007ff8cb5b0000 - 0x00007ff8cb61b000 	C:\WINDOWS\System32\WS2_32.dll
0x00007ff8c76e0000 - 0x00007ff8c76f2000 	C:\WINDOWS\SYSTEM32\kernel.appcore.dll
0x00007ff8bfc40000 - 0x00007ff8bfc4a000 	C:\Program Files\Java\jdk-18.0.1.1\bin\jimage.dll
0x00007ff8c3a90000 - 0x00007ff8c3c74000 	C:\WINDOWS\SYSTEM32\DBGHELP.DLL
0x00007ff8b22d0000 - 0x00007ff8b2304000 	C:\WINDOWS\SYSTEM32\dbgcore.DLL
0x00007ff8c9740000 - 0x00007ff8c97c2000 	C:\WINDOWS\System32\bcryptPrimitives.dll
0x00007ff875bb0000 - 0x00007ff875bd5000 	C:\Program Files\Java\jdk-18.0.1.1\bin\java.dll

dbghelp: loaded successfully - version: 4.0.5 - missing functions: none
symbol engine: initialized successfully - sym options: 0x614 - pdb path: .;C:\Program Files\Java\jdk-18.0.1.1\bin;C:\WINDOWS\SYSTEM32;C:\WINDOWS\WinSxS\amd64_microsoft.windows.common-controls_6595b64144ccf1df_6.0.19041.1110_none_60b5254171f9507e;C:\Program Files\Java\jdk-18.0.1.1\bin\server

VM Arguments:
jvm_args: -Dorg.gradle.appname=gradlew 
java_command: org.gradle.wrapper.GradleWrapperMain :app:dependencies --write-locks
java_class_path (initial): D:\afif_app\android\\gradle\wrapper\gradle-wrapper.jar
Launcher Type: SUN_STANDARD

[Global flags]
     intx CICompilerCount                          = 4                                         {product} {ergonomic}
     uint ConcGCThreads                            = 2                                         {product} {ergonomic}
     uint G1ConcRefinementThreads                  = 8                                         {product} {ergonomic}
   size_t G1HeapRegionSize                         = 2097152                                   {product} {ergonomic}
    uintx GCDrainStackTargetSize                   = 64                                        {product} {ergonomic}
   size_t InitialHeapSize                          = 266338304                                 {product} {ergonomic}
   size_t MarkStackSize                            = 4194304                                   {product} {ergonomic}
   size_t MaxHeapSize                              = 4253024256                                {product} {ergonomic}
   size_t MinHeapDeltaBytes                        = 2097152                                   {product} {ergonomic}
   size_t MinHeapSize                              = 8388608                                   {product} {ergonomic}
    uintx NonNMethodCodeHeapSize                   = 5839372                                {pd product} {ergonomic}
    uintx NonProfiledCodeHeapSize                  = 122909434                              {pd product} {ergonomic}
    uintx ProfiledCodeHeapSize                     = 122909434                              {pd product} {ergonomic}
    uintx ReservedCodeCacheSize                    = 251658240                              {pd product} {ergonomic}
     bool SegmentedCodeCache                       = true                                      {product} {ergonomic}
   size_t SoftMaxHeapSize                          = 4253024256                             {manageable} {ergonomic}
     bool UseCompressedClassPointers               = true                           {product lp64_product} {ergonomic}
     bool UseCompressedOops                        = true                           {product lp64_product} {ergonomic}
     bool UseG1GC                                  = true                                      {product} {ergonomic}
     bool UseLargePagesIndividualAllocation        = false                                  {pd product} {ergonomic}

Logging:
Log output configuration:
 #0: stdout all=warning uptime,level,tags foldmultilines=false
 #1: stderr all=off uptime,level,tags foldmultilines=false

Environment Variables:
JAVA_HOME=C:\Program Files\Java\jdk-18.0.1.1
CLASSPATH=D:\afif_app\android\\gradle\wrapper\gradle-wrapper.jar
PATH=C:\WINDOWS\system32;C:\WINDOWS;C:\WINDOWS\System32\Wbem;C:\WINDOWS\System32\WindowsPowerShell\v1.0\;C:\WINDOWS\System32\OpenSSH\;C:\Program Files\Git\cmd;D:\Work\Sdks\android\Sdk;C:\Program Files\nodejs;C:\Program Files (x86)\Windows Live\Shared;C:\Users\BG\AppData\Local\Pub\Cache\bin;C:\Program Files\Gradle\bin;C:\ProgramData\ComposerSetup\bin;D:\Work\Sdks\php-8.1.2RC1-Win32-vs16-x64;D:\Work\Sdks\flutter_windows_3.13.0-stable\bin;D:\Work\Sdks\android\Sdk\platform-tools;C:\Users\BG\AppData\Local\Programs\Python\Python310\Scripts\;C:\Users\BG\AppData\Local\Programs\Python\Python310\;C:\Users\BG\AppData\Local\Microsoft\WindowsApps;C:\Users\BG\AppData\Local\Programs\Microsoft VS Code\bin;C:\Users\BG\AppData\Local\GitHubDesktop\bin;D:\Work\Sdks\android\Sdk;C:\Users\BG\AppData\Roaming\npm;C:\Program Files\nodejs;C:\Users\BG\AppData\Local\Pub\Cache\bin;C:\Program Files\Gradle\bin;C:\Users\BG\Desktop\openCV\opencv\build\java\x64;C:\Users\BG\AppData\Roaming\Composer\vendor\bin;D:\Work\Sdks\php-8.1.2RC1-Win32-vs16-x64;D:\Work\Sdks\flutter_windows_3.13.0-stable\bin;D:\Work\Sdks\android\Sdk\platform-tools;
USERNAME=BG
OS=Windows_NT
PROCESSOR_IDENTIFIER=Intel64 Family 6 Model 158 Stepping 9, GenuineIntel



---------------  S Y S T E M  ---------------

OS:
 Windows 10 , 64 bit Build 19041 (10.0.19041.3155)
OS uptime: 0 days 21:24 hours

CPU: total 8 (initial active 8) (4 cores per cpu, 2 threads per core) family 6 model 158 stepping 9 microcode 0xf0, cx8, cmov, fxsr, ht, mmx, 3dnowpref, sse, sse2, sse3, ssse3, sse4.1, sse4.2, popcnt, lzcnt, tsc, tscinvbit, avx, avx2, aes, erms, clmul, bmi1, bmi2, rtm, adx, fma, vzeroupper, clflush, clflushopt

Memory: 4k page, system-wide physical 16220M (895M free)
TotalPageFile size 30843M (AvailPageFile size 7M)
current process WorkingSet (physical memory assigned to process): 10M, peak: 10M
current process commit charge ("private bytes"): 60M, peak: 314M

vm_info: Java HotSpot(TM) 64-Bit Server VM (18.0.1.1+2-6) for windows-amd64 JRE (18.0.1.1+2-6), built on Apr 25 2022 21:53:15 by "mach5one" with MS VC++ 16.8 / 16.9 (VS2019)

END.
